<?xml version="1.0" encoding="UTF-8"?>
<!-- Generated by org.testng.reporters.JUnitXMLReporter -->
<testsuite hostname="MSI" ignored="1" name="Default test" tests="1" failures="0" timestamp="25 Sep 2017 06:17:42 GMT" time="0.078" errors="0">
  <testcase name="getValidDataFromJsonFile" time="0.047" classname="testNGs.factoryTests"/>
  <testcase name="getDataFromJsonFile" time="0.0" classname="testNGs.factoryTests">
    <ignored/>
  </testcase> <!-- getDataFromJsonFile -->
</testsuite> <!-- Default test -->
