<?xml version="1.0" encoding="UTF-8"?>
<!-- Generated by org.testng.reporters.JUnitXMLReporter -->
<testsuite hostname="MSI" ignored="23" name="Default test" tests="1" failures="0" timestamp="28 Sep 2017 02:42:10 GMT" time="5.42" errors="0">
  <testcase name="openChromeDriver" time="5.407" classname="testNGs.testFunctionalities"/>
  <testcase name="runArrayOfDataAndExpectExceptionErrors" time="0.0" classname="testNGs.testFunctionalities">
    <ignored/>
  </testcase> <!-- runArrayOfDataAndExpectExceptionErrors -->
  <testcase name="FileReturnFalse" time="0.0" classname="testNGs.testFunctionalities">
    <ignored/>
  </testcase> <!-- FileReturnFalse -->
  <testcase name="FileReturnTrue" time="0.0" classname="testNGs.testFunctionalities">
    <ignored/>
  </testcase> <!-- FileReturnTrue -->
  <testcase name="getFileThenAssign2Array" time="0.0" classname="testNGs.testFunctionalities">
    <ignored/>
  </testcase> <!-- getFileThenAssign2Array -->
  <testcase name="getFile" time="0.0" classname="testNGs.testFunctionalities">
    <ignored/>
  </testcase> <!-- getFile -->
  <testcase name="getJSONFile" time="0.0" classname="testNGs.testFunctionalities">
    <ignored/>
  </testcase> <!-- getJSONFile -->
  <testcase name="findNoMatchFromJsonObject" time="0.0" classname="testNGs.testFunctionalities">
    <ignored/>
  </testcase> <!-- findNoMatchFromJsonObject -->
  <testcase name="getFileFromJson" time="0.0" classname="testNGs.testFunctionalities">
    <ignored/>
  </testcase> <!-- getFileFromJson -->
  <testcase name="putInfoIntoLog" time="0.0" classname="testNGs.testFunctionalities">
    <ignored/>
  </testcase> <!-- putInfoIntoLog -->
  <testcase name="getJsonObject" time="0.0" classname="testNGs.testFunctionalities">
    <ignored/>
  </testcase> <!-- getJsonObject -->
  <testcase name="putArrayListIntoFile" time="0.0" classname="testNGs.testFunctionalities">
    <ignored/>
  </testcase> <!-- putArrayListIntoFile -->
  <testcase name="runMultipleJsonTests" time="0.0" classname="testNGs.testFunctionalities">
    <ignored/>
  </testcase> <!-- runMultipleJsonTests -->
  <testcase name="putArrayStringIntoFile" time="0.0" classname="testNGs.testFunctionalities">
    <ignored/>
  </testcase> <!-- putArrayStringIntoFile -->
  <testcase name="getJsonArray" time="0.0" classname="testNGs.testFunctionalities">
    <ignored/>
  </testcase> <!-- getJsonArray -->
  <testcase name="putTextIntoFile" time="0.0" classname="testNGs.testFunctionalities">
    <ignored/>
  </testcase> <!-- putTextIntoFile -->
  <testcase name="noMatchFoundinJSONArray" time="0.0" classname="testNGs.testFunctionalities">
    <ignored/>
  </testcase> <!-- noMatchFoundinJSONArray -->
  <testcase name="noMatchFound4Key" time="0.0" classname="testNGs.testFunctionalities">
    <ignored/>
  </testcase> <!-- noMatchFound4Key -->
  <testcase name="getDataWithInvalidFileURL" time="0.0" classname="testNGs.testFunctionalities">
    <ignored/>
  </testcase> <!-- getDataWithInvalidFileURL -->
  <testcase name="getJsonArrayAndReturnaValue" time="0.0" classname="testNGs.testFunctionalities">
    <ignored/>
  </testcase> <!-- getJsonArrayAndReturnaValue -->
  <testcase name="DifferentDirectory" time="0.0" classname="testNGs.testFunctionalities">
    <ignored/>
  </testcase> <!-- DifferentDirectory -->
  <testcase name="Fail2getFile" time="0.0" classname="testNGs.testFunctionalities">
    <ignored/>
  </testcase> <!-- Fail2getFile -->
  <testcase name="throwExceptionErrorWhenJSONpathIsInvalid" time="0.0" classname="testNGs.testFunctionalities">
    <ignored/>
  </testcase> <!-- throwExceptionErrorWhenJSONpathIsInvalid -->
  <testcase name="openChrome" time="0.0" classname="testNGs.testFunctionalities">
    <ignored/>
  </testcase> <!-- openChrome -->
</testsuite> <!-- Default test -->
